[2020-01-19T09:37:36.126] [DEBUG] cheese - login => username:zs,password:123456
[2020-01-19T09:37:36.129] [DEBUG] cheese - zs
[2020-01-19T09:37:36.144] [DEBUG] cheese - null
[2020-01-19T09:37:36.144] [DEBUG] cheese - null
[2020-01-19T09:37:45.423] [DEBUG] cheese - login => username:admin,password:123456
[2020-01-19T09:37:45.423] [DEBUG] cheese - admin
[2020-01-19T09:37:45.432] [DEBUG] cheese - null
[2020-01-19T09:37:45.432] [DEBUG] cheese - null
[2020-01-19T14:58:49.600] [DEBUG] cheese - login => username:admin,password:123456
[2020-01-19T14:58:49.602] [DEBUG] cheese - admin
[2020-01-19T14:58:49.617] [DEBUG] cheese - null
[2020-01-19T14:58:49.618] [DEBUG] cheese - null
[2020-01-19T14:59:44.235] [DEBUG] cheese - login => username:admin,password:123456
[2020-01-19T14:59:44.235] [DEBUG] cheese - admin
[2020-01-19T14:59:44.238] [DEBUG] cheese - null
[2020-01-19T14:59:44.239] [DEBUG] cheese - null
[2020-01-19T15:17:42.569] [DEBUG] cheese - login => username:admin,password:123456
[2020-01-19T15:17:42.570] [DEBUG] cheese - admin
[2020-01-19T15:17:42.574] [DEBUG] cheese - null
[2020-01-19T15:17:42.574] [DEBUG] cheese - null
[2020-01-19T15:18:22.727] [DEBUG] cheese - login => username:admin,password:123456
[2020-01-19T15:18:22.727] [DEBUG] cheese - admin
[2020-01-19T15:18:22.729] [DEBUG] cheese - null
[2020-01-19T15:18:22.729] [DEBUG] cheese - null
[2020-01-19T15:18:26.210] [DEBUG] cheese - login => username:admin,password:123456
[2020-01-19T15:18:26.210] [DEBUG] cheese - admin
[2020-01-19T15:18:26.213] [DEBUG] cheese - null
[2020-01-19T15:18:26.213] [DEBUG] cheese - null
[2020-01-19T15:18:28.096] [DEBUG] cheese - login => username:admina,password:123456
[2020-01-19T15:18:28.096] [DEBUG] cheese - admina
[2020-01-19T15:18:28.098] [DEBUG] cheese - null
[2020-01-19T15:18:28.098] [DEBUG] cheese - null
[2020-01-19T15:25:07.169] [DEBUG] cheese - login => username:admin,password:123456
[2020-01-19T15:25:07.170] [DEBUG] cheese - admin
[2020-01-19T15:25:07.172] [DEBUG] cheese - null
[2020-01-19T15:25:07.173] [DEBUG] cheese - null
[2020-01-19T15:26:31.579] [DEBUG] cheese - login => username:admin,password:123456d
[2020-01-19T15:26:31.579] [DEBUG] cheese - admin
[2020-01-19T15:26:31.581] [DEBUG] cheese - null
[2020-01-19T15:26:31.581] [DEBUG] cheese - null
[2020-01-19T15:26:34.835] [DEBUG] cheese - login => username:admin,password:123456d
[2020-01-19T15:26:34.835] [DEBUG] cheese - admin
[2020-01-19T15:26:34.836] [DEBUG] cheese - null
[2020-01-19T15:26:34.837] [DEBUG] cheese - null
[2020-01-19T15:26:35.293] [DEBUG] cheese - login => username:admin,password:123456d
[2020-01-19T15:26:35.293] [DEBUG] cheese - admin
[2020-01-19T15:26:35.296] [DEBUG] cheese - null
[2020-01-19T15:26:35.296] [DEBUG] cheese - null
[2020-01-19T15:26:40.302] [DEBUG] cheese - login => username:admin,password:123456
[2020-01-19T15:26:40.302] [DEBUG] cheese - admin
[2020-01-19T15:26:40.304] [DEBUG] cheese - null
[2020-01-19T15:26:40.304] [DEBUG] cheese - null
[2020-01-19T15:28:41.289] [DEBUG] cheese - login => username:admin,password:123456
[2020-01-19T15:28:41.289] [DEBUG] cheese - admin
[2020-01-19T15:28:41.291] [DEBUG] cheese - null
[2020-01-19T15:28:41.291] [DEBUG] cheese - null
[2020-01-19T15:29:36.110] [DEBUG] cheese - login => username:admin,password:123456
[2020-01-19T15:29:36.110] [DEBUG] cheese - admin
[2020-01-19T15:29:36.113] [DEBUG] cheese - null
[2020-01-19T15:29:36.113] [DEBUG] cheese - null
[2020-01-19T15:30:03.885] [DEBUG] cheese - login => username:admin,password:123456
[2020-01-19T15:30:03.885] [DEBUG] cheese - admin
[2020-01-19T15:30:03.888] [DEBUG] cheese - null
[2020-01-19T15:30:03.888] [DEBUG] cheese - null
[2020-01-19T15:42:40.236] [DEBUG] cheese - login => username:admin,password:123456
[2020-01-19T15:42:40.236] [DEBUG] cheese - admin
[2020-01-19T15:42:40.239] [DEBUG] cheese - null
[2020-01-19T15:42:40.239] [DEBUG] cheese - null
[2020-01-19T16:03:47.994] [DEBUG] cheese - login => username:admin,password:123456
[2020-01-19T16:03:47.994] [DEBUG] cheese - admin
[2020-01-19T16:03:47.997] [DEBUG] cheese - null
[2020-01-19T16:03:47.997] [DEBUG] cheese - null
[2020-01-19T16:10:45.012] [DEBUG] cheese - login => username:admin,password:123456
[2020-01-19T16:10:45.012] [DEBUG] cheese - admin
[2020-01-19T16:10:45.016] [DEBUG] cheese - null
[2020-01-19T16:10:45.016] [DEBUG] cheese - null
[2020-01-19T16:11:53.433] [DEBUG] cheese - login => username:admin,password:123456
[2020-01-19T16:11:53.433] [DEBUG] cheese - admin
[2020-01-19T16:11:53.436] [DEBUG] cheese - null
[2020-01-19T16:11:53.436] [DEBUG] cheese - null
[2020-01-19T16:18:49.514] [DEBUG] cheese - login => username:admin,password:123456
[2020-01-19T16:18:49.514] [DEBUG] cheese - admin
[2020-01-19T16:18:49.516] [DEBUG] cheese - null
[2020-01-19T16:18:49.517] [DEBUG] cheese - null
[2020-01-19T16:28:16.679] [DEBUG] cheese - login => username:admin,password:123456
[2020-01-19T16:28:16.679] [DEBUG] cheese - admin
[2020-01-19T16:28:16.681] [DEBUG] cheese - null
[2020-01-19T16:28:16.681] [DEBUG] cheese - null
[2020-01-19T16:56:02.532] [DEBUG] cheese - login => username:admin,password:123456
[2020-01-19T16:56:02.533] [DEBUG] cheese - admin
[2020-01-19T16:56:02.536] [DEBUG] cheese - null
[2020-01-19T16:56:02.536] [DEBUG] cheese - null
[2020-01-19T17:21:38.815] [DEBUG] cheese - login => username:admin,password:123456
[2020-01-19T17:21:38.815] [DEBUG] cheese - admin
[2020-01-19T17:21:38.817] [DEBUG] cheese - null
[2020-01-19T17:21:38.817] [DEBUG] cheese - null
[2020-01-19T17:23:50.368] [DEBUG] cheese - login => username:admin,password:123456
[2020-01-19T17:23:50.369] [DEBUG] cheese - admin
[2020-01-19T17:23:50.371] [DEBUG] cheese - null
[2020-01-19T17:23:50.371] [DEBUG] cheese - null
[2020-01-19T17:24:24.053] [DEBUG] cheese - login => username:admin,password:123456
[2020-01-19T17:24:24.053] [DEBUG] cheese - admin
[2020-01-19T17:24:24.055] [DEBUG] cheese - null
[2020-01-19T17:24:24.055] [DEBUG] cheese - null
[2020-01-19T17:28:18.312] [DEBUG] cheese - login => username:admin,password:123456
[2020-01-19T17:28:18.312] [DEBUG] cheese - admin
[2020-01-19T17:28:18.315] [DEBUG] cheese - null
[2020-01-19T17:28:18.315] [DEBUG] cheese - null
[2020-01-19T17:44:37.466] [DEBUG] cheese - login => username:admin,password:123456
[2020-01-19T17:44:37.466] [DEBUG] cheese - admin
[2020-01-19T17:44:37.469] [DEBUG] cheese - null
[2020-01-19T17:44:37.469] [DEBUG] cheese - null
[2020-01-19T17:46:20.424] [DEBUG] cheese - login => username:admin,password:123456
[2020-01-19T17:46:20.424] [DEBUG] cheese - admin
[2020-01-19T17:46:20.428] [DEBUG] cheese - null
[2020-01-19T17:46:20.428] [DEBUG] cheese - null
[2020-01-19T21:53:47.644] [DEBUG] cheese - login => username:admin,password:123456
[2020-01-19T21:53:47.644] [DEBUG] cheese - admin
[2020-01-19T21:53:47.647] [DEBUG] cheese - null
[2020-01-19T21:53:47.647] [DEBUG] cheese - null
[2020-01-19T22:21:52.998] [DEBUG] cheese - login => username:admin,password:123456
[2020-01-19T22:21:52.998] [DEBUG] cheese - admin
[2020-01-19T22:21:53.001] [DEBUG] cheese - null
[2020-01-19T22:21:53.001] [DEBUG] cheese - null
[2020-01-19T23:08:34.335] [DEBUG] cheese - login => username:admin,password:123456
[2020-01-19T23:08:34.335] [DEBUG] cheese - admin
[2020-01-19T23:08:34.337] [DEBUG] cheese - null
[2020-01-19T23:08:34.337] [DEBUG] cheese - null
[2020-01-20T16:15:37.043] [DEBUG] cheese - login => username:admin,password:123456
[2020-01-20T16:15:37.045] [DEBUG] cheese - admin
[2020-01-20T16:15:37.055] [DEBUG] cheese - null
[2020-01-20T16:15:37.056] [DEBUG] cheese - null
[2020-01-20T16:40:51.810] [DEBUG] cheese - login => username:admin,password:123456
[2020-01-20T16:40:51.810] [DEBUG] cheese - admin
[2020-01-20T16:40:51.814] [DEBUG] cheese - null
[2020-01-20T16:40:51.814] [DEBUG] cheese - null
[2020-01-20T23:36:37.377] [DEBUG] cheese - login => username:admin,password:123456
[2020-01-20T23:36:37.378] [DEBUG] cheese - admin
[2020-01-20T23:36:37.380] [DEBUG] cheese - null
[2020-01-20T23:36:37.380] [DEBUG] cheese - null
[2020-01-21T15:57:20.945] [DEBUG] cheese - null
[2020-01-21T23:03:47.319] [DEBUG] cheese - login => username:admin,password:123456
[2020-01-21T23:03:47.320] [DEBUG] cheese - admin
[2020-01-21T23:03:47.323] [DEBUG] cheese - null
[2020-01-21T23:03:47.323] [DEBUG] cheese - null
[2020-01-23T20:44:20.582] [DEBUG] cheese - login => username:admin,password:123456
[2020-01-23T20:44:20.585] [DEBUG] cheese - admin
[2020-01-23T20:44:20.604] [DEBUG] cheese - null
[2020-01-23T20:44:20.605] [DEBUG] cheese - null
[2020-01-25T12:07:27.757] [DEBUG] cheese - login => username:admin,password:123456
[2020-01-25T12:07:27.758] [DEBUG] cheese - admin
[2020-01-25T12:07:27.868] [DEBUG] cheese - null
[2020-01-25T12:07:27.868] [DEBUG] cheese - null
[2020-01-25T17:55:09.328] [DEBUG] cheese - login => username:admin,password:123456
[2020-01-25T17:55:09.328] [DEBUG] cheese - admin
[2020-01-25T17:55:09.330] [DEBUG] cheese - null
[2020-01-25T17:55:09.330] [DEBUG] cheese - null
[2020-01-25T17:56:06.587] [DEBUG] cheese - login => username:admi,password:123456
[2020-01-25T17:56:06.588] [DEBUG] cheese - admi
[2020-01-25T17:56:06.589] [DEBUG] cheese - null
[2020-01-25T17:56:06.589] [DEBUG] cheese - null
[2020-01-25T17:56:10.552] [DEBUG] cheese - login => username:admin,password:123456
[2020-01-25T17:56:10.552] [DEBUG] cheese - admin
[2020-01-25T17:56:10.555] [DEBUG] cheese - null
[2020-01-25T17:56:10.555] [DEBUG] cheese - null
[2020-01-25T17:56:25.692] [DEBUG] cheese - login => username:linken,password:123456
[2020-01-25T17:56:25.692] [DEBUG] cheese - linken
[2020-01-25T17:56:25.695] [DEBUG] cheese - null
[2020-01-25T17:56:25.695] [DEBUG] cheese - null
[2020-01-25T17:56:33.086] [DEBUG] cheese - login => username:admin,password:123456
[2020-01-25T17:56:33.086] [DEBUG] cheese - admin
[2020-01-25T17:56:33.089] [DEBUG] cheese - null
[2020-01-25T17:56:33.089] [DEBUG] cheese - null
[2020-01-25T18:01:11.807] [DEBUG] cheese - login => username:auth,password:123456
[2020-01-25T18:01:11.807] [DEBUG] cheese - auth
[2020-01-25T18:01:11.809] [DEBUG] cheese - null
[2020-01-25T18:01:11.809] [DEBUG] cheese - null
[2020-01-25T18:01:21.331] [DEBUG] cheese - login => username:auth,password:123456
[2020-01-25T18:01:21.331] [DEBUG] cheese - auth
[2020-01-25T18:01:21.333] [DEBUG] cheese - null
[2020-01-25T18:01:21.333] [DEBUG] cheese - null
[2020-01-25T18:01:22.594] [DEBUG] cheese - login => username:admin,password:123456
[2020-01-25T18:01:22.594] [DEBUG] cheese - admin
[2020-01-25T18:01:22.596] [DEBUG] cheese - null
[2020-01-25T18:01:22.596] [DEBUG] cheese - null
[2020-01-25T18:01:46.719] [DEBUG] cheese - login => username:auth,password:123456
[2020-01-25T18:01:46.719] [DEBUG] cheese - auth
[2020-01-25T18:01:46.720] [DEBUG] cheese - null
[2020-01-25T18:01:46.720] [DEBUG] cheese - null
[2020-01-25T18:01:49.042] [DEBUG] cheese - null
[2020-01-25T18:01:49.045] [DEBUG] cheese - null
[2020-01-25T18:01:52.237] [DEBUG] cheese - null
[2020-01-25T18:01:52.238] [DEBUG] cheese - null
[2020-01-25T18:01:53.421] [DEBUG] cheese - null
[2020-01-25T18:01:53.424] [DEBUG] cheese - null
[2020-01-25T18:01:59.201] [DEBUG] cheese - login => username:admin,password:123456
[2020-01-25T18:01:59.201] [DEBUG] cheese - admin
[2020-01-25T18:01:59.202] [DEBUG] cheese - null
[2020-01-25T18:01:59.202] [DEBUG] cheese - null
[2020-01-26T13:07:24.764] [DEBUG] cheese - login => username:admin,password:123456
[2020-01-26T13:07:24.764] [DEBUG] cheese - admin
[2020-01-26T13:07:24.767] [DEBUG] cheese - null
[2020-01-26T13:07:24.767] [DEBUG] cheese - null
[2020-01-26T16:04:29.486] [DEBUG] cheese - login => username:admin,password:123456
[2020-01-26T16:04:29.486] [DEBUG] cheese - admin
[2020-01-26T16:04:29.592] [DEBUG] cheese - null
[2020-01-26T16:04:29.592] [DEBUG] cheese - null
[2020-01-26T17:42:27.771] [DEBUG] cheese - login => username:orders,password:123456
[2020-01-26T17:42:27.772] [DEBUG] cheese - orders
[2020-01-26T17:42:27.776] [DEBUG] cheese - null
[2020-01-26T17:42:27.776] [DEBUG] cheese - null
[2020-01-26T17:42:37.026] [DEBUG] cheese - login => username:admin,password:123456
[2020-01-26T17:42:37.026] [DEBUG] cheese - admin
[2020-01-26T17:42:37.031] [DEBUG] cheese - null
[2020-01-26T17:42:37.031] [DEBUG] cheese - null
[2020-01-26T17:42:51.967] [DEBUG] cheese - login => username:good,password:123456
[2020-01-26T17:42:51.967] [DEBUG] cheese - good
[2020-01-26T17:42:51.968] [DEBUG] cheese - null
[2020-01-26T17:42:51.969] [DEBUG] cheese - null
[2020-01-26T17:42:57.198] [DEBUG] cheese - login => username:good,password:123456
[2020-01-26T17:42:57.198] [DEBUG] cheese - good
[2020-01-26T17:42:57.202] [DEBUG] cheese - null
[2020-01-26T17:42:57.202] [DEBUG] cheese - null
[2020-01-26T17:43:03.117] [DEBUG] cheese - login => username:admin,password:123456
[2020-01-26T17:43:03.117] [DEBUG] cheese - admin
[2020-01-26T17:43:03.121] [DEBUG] cheese - null
[2020-01-26T17:43:03.121] [DEBUG] cheese - null
[2020-01-26T17:59:57.263] [DEBUG] cheese - login => username:linken,password:123456
[2020-01-26T17:59:57.263] [DEBUG] cheese - linken
[2020-01-26T17:59:57.266] [DEBUG] cheese - null
[2020-01-26T17:59:57.266] [DEBUG] cheese - null
[2020-01-26T17:59:59.567] [DEBUG] cheese - null
[2020-01-26T17:59:59.571] [DEBUG] cheese - null
[2020-01-26T18:00:00.669] [DEBUG] cheese - null
[2020-01-26T18:00:00.673] [DEBUG] cheese - null
[2020-01-26T18:00:01.722] [DEBUG] cheese - null
[2020-01-26T18:00:01.725] [DEBUG] cheese - null
[2020-01-26T18:00:12.566] [DEBUG] cheese - null
[2020-01-26T18:00:12.571] [DEBUG] cheese - null
[2020-01-26T18:00:13.701] [DEBUG] cheese - null
[2020-01-26T18:00:13.705] [DEBUG] cheese - null
[2020-01-26T18:00:20.653] [DEBUG] cheese - login => username:admin,password:123456
[2020-01-26T18:00:20.653] [DEBUG] cheese - admin
[2020-01-26T18:00:20.657] [DEBUG] cheese - null
[2020-01-26T18:00:20.657] [DEBUG] cheese - null
[2020-01-26T18:01:02.169] [DEBUG] cheese - login => username:admin,password:123456
[2020-01-26T18:01:02.169] [DEBUG] cheese - admin
[2020-01-26T18:01:02.174] [DEBUG] cheese - null
[2020-01-26T18:01:02.174] [DEBUG] cheese - null
[2020-01-26T18:01:11.646] [DEBUG] cheese - login => username:orders,password:123456
[2020-01-26T18:01:11.646] [DEBUG] cheese - orders
[2020-01-26T18:01:11.650] [DEBUG] cheese - null
[2020-01-26T18:01:11.650] [DEBUG] cheese - null
[2020-01-26T18:01:12.416] [DEBUG] cheese - login => username:orders,password:123456
[2020-01-26T18:01:12.416] [DEBUG] cheese - orders
[2020-01-26T18:01:12.421] [DEBUG] cheese - null
[2020-01-26T18:01:12.421] [DEBUG] cheese - null
[2020-01-26T18:01:12.616] [DEBUG] cheese - login => username:orders,password:123456
[2020-01-26T18:01:12.617] [DEBUG] cheese - orders
[2020-01-26T18:01:12.620] [DEBUG] cheese - null
[2020-01-26T18:01:12.621] [DEBUG] cheese - null
[2020-01-26T18:01:15.327] [DEBUG] cheese - login => username:admin,password:123456
[2020-01-26T18:01:15.327] [DEBUG] cheese - admin
[2020-01-26T18:01:15.331] [DEBUG] cheese - null
[2020-01-26T18:01:15.331] [DEBUG] cheese - null
[2020-01-26T22:01:29.107] [DEBUG] cheese - login => username:admin,password:123456
[2020-01-26T22:01:29.107] [DEBUG] cheese - admin
[2020-01-26T22:01:29.113] [DEBUG] cheese - null
[2020-01-26T22:01:29.113] [DEBUG] cheese - null
[2020-01-28T09:54:49.669] [DEBUG] cheese - login => username:admin,password:123456
[2020-01-28T09:54:49.671] [DEBUG] cheese - admin
[2020-01-28T09:54:49.689] [DEBUG] cheese - null
[2020-01-28T09:54:49.690] [DEBUG] cheese - null
[2020-01-28T09:59:40.428] [DEBUG] cheese - login => username:admin,password:123456
[2020-01-28T09:59:40.428] [DEBUG] cheese - admin
[2020-01-28T09:59:40.431] [DEBUG] cheese - null
[2020-01-28T09:59:40.431] [DEBUG] cheese - null
[2020-01-28T12:56:54.555] [DEBUG] cheese - login => username:admin,password:123456
[2020-01-28T12:56:54.555] [DEBUG] cheese - admin
[2020-01-28T12:56:54.558] [DEBUG] cheese - null
[2020-01-28T12:56:54.558] [DEBUG] cheese - null
[2020-01-29T14:09:05.931] [DEBUG] cheese - login => username:admin,password:123456
[2020-01-29T14:09:05.931] [DEBUG] cheese - admin
[2020-01-29T14:09:05.987] [DEBUG] cheese - null
[2020-01-29T14:09:05.987] [DEBUG] cheese - null
[2020-01-30T13:06:03.979] [DEBUG] cheese - login => username:admin,password:123456
[2020-01-30T13:06:03.981] [DEBUG] cheese - admin
[2020-01-30T13:06:03.998] [DEBUG] cheese - null
[2020-01-30T13:06:03.999] [DEBUG] cheese - null
[2020-01-31T15:04:41.057] [DEBUG] cheese - login => username:admin,password:123456
[2020-01-31T15:04:41.059] [DEBUG] cheese - admin
[2020-01-31T15:04:41.091] [DEBUG] cheese - null
[2020-01-31T15:04:41.091] [DEBUG] cheese - null
[2020-01-31T15:16:39.226] [DEBUG] cheese - login => username:admin,password:123456
[2020-01-31T15:16:39.226] [DEBUG] cheese - admin
[2020-01-31T15:16:39.230] [DEBUG] cheese - null
[2020-01-31T15:16:39.230] [DEBUG] cheese - null
[2020-01-31T15:16:57.411] [DEBUG] cheese - login => username:admin,password:123456
[2020-01-31T15:16:57.412] [DEBUG] cheese - admin
[2020-01-31T15:16:57.416] [DEBUG] cheese - null
[2020-01-31T15:16:57.416] [DEBUG] cheese - null
[2020-01-31T16:45:49.514] [DEBUG] cheese - null
[2020-02-01T15:19:52.934] [DEBUG] cheese - login => username:admin,password:123456
[2020-02-01T15:19:52.934] [DEBUG] cheese - admin
[2020-02-01T15:19:52.943] [DEBUG] cheese - null
[2020-02-01T15:19:52.943] [DEBUG] cheese - null
[2020-02-02T10:55:43.884] [DEBUG] cheese - login => username:admin,password:123456
[2020-02-02T10:55:43.884] [DEBUG] cheese - admin
[2020-02-02T10:55:43.887] [DEBUG] cheese - null
[2020-02-02T10:55:43.887] [DEBUG] cheese - null
[2020-02-02T12:23:43.455] [DEBUG] cheese - login => username:admin,password:123456
[2020-02-02T12:23:43.458] [DEBUG] cheese - admin
[2020-02-02T12:23:43.478] [DEBUG] cheese - null
[2020-02-02T12:23:43.478] [DEBUG] cheese - null
[2020-02-02T12:25:57.106] [DEBUG] cheese - login => username:admin,password:123456
[2020-02-02T12:25:57.106] [DEBUG] cheese - admin
[2020-02-02T12:25:57.112] [DEBUG] cheese - null
[2020-02-02T12:25:57.112] [DEBUG] cheese - null
[2020-02-02T12:27:41.624] [DEBUG] cheese - login => username:admin,password:123456
[2020-02-02T12:27:41.624] [DEBUG] cheese - admin
[2020-02-02T12:27:41.630] [DEBUG] cheese - null
[2020-02-02T12:27:41.630] [DEBUG] cheese - null
[2020-02-02T12:28:10.566] [DEBUG] cheese - login => username:admin5,password:123456
[2020-02-02T12:28:10.566] [DEBUG] cheese - admin5
[2020-02-02T12:28:10.570] [DEBUG] cheese - null
[2020-02-02T12:28:10.571] [DEBUG] cheese - null
[2020-02-02T12:28:31.941] [DEBUG] cheese - login => username:admin,password:123456
[2020-02-02T12:28:31.941] [DEBUG] cheese - admin
[2020-02-02T12:28:31.946] [DEBUG] cheese - null
[2020-02-02T12:28:31.946] [DEBUG] cheese - null
[2020-02-02T12:40:46.618] [DEBUG] cheese - login => username:admin,password:123456
[2020-02-02T12:40:46.619] [DEBUG] cheese - admin
[2020-02-02T12:40:46.622] [DEBUG] cheese - null
[2020-02-02T12:40:46.622] [DEBUG] cheese - null
[2020-02-02T12:47:25.040] [DEBUG] cheese - login => username:admin,password:123456
[2020-02-02T12:47:25.040] [DEBUG] cheese - admin
[2020-02-02T12:47:25.043] [DEBUG] cheese - null
[2020-02-02T12:47:25.043] [DEBUG] cheese - null
[2020-02-02T12:59:06.747] [DEBUG] cheese - login => username:admin,password:123456
[2020-02-02T12:59:06.750] [DEBUG] cheese - admin
[2020-02-02T12:59:06.762] [DEBUG] cheese - null
[2020-02-02T12:59:06.762] [DEBUG] cheese - null
[2020-02-02T13:42:31.266] [DEBUG] cheese - login => username:admin,password:123456
[2020-02-02T13:42:31.266] [DEBUG] cheese - admin
[2020-02-02T13:42:31.272] [DEBUG] cheese - null
[2020-02-02T13:42:31.273] [DEBUG] cheese - null
[2020-02-02T13:42:52.236] [DEBUG] cheese - login => username:admin,password:123456
[2020-02-02T13:42:52.237] [DEBUG] cheese - admin
[2020-02-02T13:42:52.241] [DEBUG] cheese - null
[2020-02-02T13:42:52.241] [DEBUG] cheese - null
[2020-02-02T13:43:22.373] [DEBUG] cheese - login => username:admin,password:123456
[2020-02-02T13:43:22.373] [DEBUG] cheese - admin
[2020-02-02T13:43:22.381] [DEBUG] cheese - null
[2020-02-02T13:43:22.382] [DEBUG] cheese - null
[2020-02-02T13:57:57.669] [DEBUG] cheese - login => username:admin,password:123456
[2020-02-02T13:57:57.669] [DEBUG] cheese - admin
[2020-02-02T13:57:57.675] [DEBUG] cheese - null
[2020-02-02T13:57:57.675] [DEBUG] cheese - null
[2020-02-02T14:01:00.834] [DEBUG] cheese - login => username:admin,password:123456
[2020-02-02T14:01:00.836] [DEBUG] cheese - admin
[2020-02-02T14:01:00.875] [DEBUG] cheese - null
[2020-02-02T14:01:00.876] [DEBUG] cheese - null
[2020-02-02T14:28:33.260] [DEBUG] cheese - login => username:admin,password:123456
[2020-02-02T14:28:33.260] [DEBUG] cheese - admin
[2020-02-02T14:28:33.263] [DEBUG] cheese - null
[2020-02-02T14:28:33.263] [DEBUG] cheese - null
[2020-02-02T14:35:49.467] [DEBUG] cheese - login => username:admin,password:123456
[2020-02-02T14:35:49.467] [DEBUG] cheese - admin
[2020-02-02T14:35:49.470] [DEBUG] cheese - null
[2020-02-02T14:35:49.470] [DEBUG] cheese - null
[2020-02-02T15:29:21.354] [DEBUG] cheese - login => username:admin,password:123456
[2020-02-02T15:29:21.354] [DEBUG] cheese - admin
[2020-02-02T15:29:21.363] [DEBUG] cheese - null
[2020-02-02T15:29:21.363] [DEBUG] cheese - null
[2020-02-02T15:34:42.350] [DEBUG] cheese - login => username:admin,password:123456
[2020-02-02T15:34:42.350] [DEBUG] cheese - admin
[2020-02-02T15:34:42.352] [DEBUG] cheese - null
[2020-02-02T15:34:42.353] [DEBUG] cheese - null
[2020-02-02T16:01:32.433] [DEBUG] cheese - login => username:admin,password:123456
[2020-02-02T16:01:32.433] [DEBUG] cheese - admin
[2020-02-02T16:01:32.435] [DEBUG] cheese - null
[2020-02-02T16:01:32.435] [DEBUG] cheese - null
[2020-02-02T16:11:20.413] [DEBUG] cheese - login => username:admin,password:123456
[2020-02-02T16:11:20.413] [DEBUG] cheese - admin
[2020-02-02T16:11:20.414] [DEBUG] cheese - null
[2020-02-02T16:11:20.414] [DEBUG] cheese - null
[2020-02-05T13:54:07.684] [DEBUG] cheese - login => username:admin,password:123456
[2020-02-05T13:54:07.685] [DEBUG] cheese - admin
[2020-02-05T13:54:07.719] [DEBUG] cheese - null
[2020-02-05T13:54:07.719] [DEBUG] cheese - null
[2020-02-14T17:01:46.873] [DEBUG] cheese - login => username:admin,password:123456
[2020-02-14T17:01:46.876] [DEBUG] cheese - admin
[2020-02-14T17:01:46.900] [DEBUG] cheese - null
[2020-02-14T17:01:46.901] [DEBUG] cheese - null
[2020-02-14T17:50:21.591] [DEBUG] cheese - login => username:admin,password:123456
[2020-02-14T17:50:21.594] [DEBUG] cheese - admin
[2020-02-14T17:50:21.604] [DEBUG] cheese - null
[2020-02-14T17:50:21.604] [DEBUG] cheese - null
[2020-02-14T17:51:46.243] [DEBUG] cheese - login => username:report,password:123456
[2020-02-14T17:51:46.244] [DEBUG] cheese - report
[2020-02-14T17:51:46.247] [DEBUG] cheese - null
[2020-02-14T17:51:46.247] [DEBUG] cheese - null
[2020-02-14T17:51:51.927] [DEBUG] cheese - login => username:admin,password:123456
[2020-02-14T17:51:51.928] [DEBUG] cheese - admin
[2020-02-14T17:51:51.930] [DEBUG] cheese - null
[2020-02-14T17:51:51.930] [DEBUG] cheese - null
[2020-02-14T17:53:05.427] [DEBUG] cheese - login => username:author,password:123456
[2020-02-14T17:53:05.427] [DEBUG] cheese - author
[2020-02-14T17:53:05.429] [DEBUG] cheese - null
[2020-02-14T17:53:05.429] [DEBUG] cheese - null
[2020-02-14T17:53:07.947] [DEBUG] cheese - null
[2020-02-14T17:53:07.949] [DEBUG] cheese - null
[2020-02-14T17:53:13.294] [DEBUG] cheese - null
[2020-02-14T17:53:13.296] [DEBUG] cheese - null
[2020-02-14T17:53:14.599] [DEBUG] cheese - null
[2020-02-14T17:53:14.601] [DEBUG] cheese - null
[2020-02-14T17:53:23.043] [DEBUG] cheese - login => username:admin,password:123456
[2020-02-14T17:53:23.043] [DEBUG] cheese - admin
[2020-02-14T17:53:23.045] [DEBUG] cheese - null
[2020-02-14T17:53:23.045] [DEBUG] cheese - null
[2020-02-15T13:35:26.258] [DEBUG] cheese - login => username:admin,password:123456
[2020-02-15T13:35:26.259] [DEBUG] cheese - admin
[2020-02-15T13:35:26.261] [DEBUG] cheese - null
[2020-02-15T13:35:26.261] [DEBUG] cheese - null
[2020-02-16T12:38:14.875] [DEBUG] cheese - login => username:admin,password:123456
[2020-02-16T12:38:14.875] [DEBUG] cheese - admin
[2020-02-16T12:38:14.885] [DEBUG] cheese - null
[2020-02-16T12:38:14.885] [DEBUG] cheese - null
[2020-02-19T12:23:52.880] [DEBUG] cheese - login => username:admin,password:123456
[2020-02-19T12:23:52.880] [DEBUG] cheese - admin
[2020-02-19T12:23:52.886] [DEBUG] cheese - null
[2020-02-19T12:23:52.887] [DEBUG] cheese - null
[2020-02-19T12:26:17.173] [DEBUG] cheese - login => username:admin,password:123456
[2020-02-19T12:26:17.173] [DEBUG] cheese - admin
[2020-02-19T12:26:17.176] [DEBUG] cheese - null
[2020-02-19T12:26:17.176] [DEBUG] cheese - null
[2020-02-19T12:27:14.420] [DEBUG] cheese - login => username:admin,password:123456
[2020-02-19T12:27:14.420] [DEBUG] cheese - admin
[2020-02-19T12:27:14.422] [DEBUG] cheese - null
[2020-02-19T12:27:14.423] [DEBUG] cheese - null
[2020-02-25T03:10:46.626] [DEBUG] cheese - login => username:admin,password:123456
[2020-02-25T03:10:46.629] [DEBUG] cheese - admin
[2020-02-25T03:10:46.663] [DEBUG] cheese - null
[2020-02-25T03:10:46.663] [DEBUG] cheese - null
[2020-02-25T03:12:31.943] [DEBUG] cheese - login => username:goods,password:123456
[2020-02-25T03:12:31.943] [DEBUG] cheese - goods
[2020-02-25T03:12:31.945] [DEBUG] cheese - null
[2020-02-25T03:12:31.945] [DEBUG] cheese - null
[2020-02-25T03:12:34.412] [DEBUG] cheese - login => username:admin,password:123456
[2020-02-25T03:12:34.412] [DEBUG] cheese - admin
[2020-02-25T03:12:34.415] [DEBUG] cheese - null
[2020-02-25T03:12:34.415] [DEBUG] cheese - null
[2020-02-25T03:12:53.832] [DEBUG] cheese - login => username:good,password:123456
[2020-02-25T03:12:53.832] [DEBUG] cheese - good
[2020-02-25T03:12:53.835] [DEBUG] cheese - null
[2020-02-25T03:12:53.835] [DEBUG] cheese - null
[2020-02-25T03:13:04.899] [DEBUG] cheese - login => username:goods,password:123456
[2020-02-25T03:13:04.899] [DEBUG] cheese - goods
[2020-02-25T03:13:04.901] [DEBUG] cheese - null
[2020-02-25T03:13:04.901] [DEBUG] cheese - null
[2020-02-25T03:13:08.296] [DEBUG] cheese - null
[2020-02-25T03:13:08.298] [DEBUG] cheese - null
[2020-02-25T03:13:24.035] [DEBUG] cheese - null
[2020-02-25T03:13:24.038] [DEBUG] cheese - null
[2020-02-25T03:13:28.201] [DEBUG] cheese - null
[2020-02-25T03:13:28.203] [DEBUG] cheese - null
[2020-02-25T03:13:51.407] [DEBUG] cheese - null
[2020-02-25T03:13:51.410] [DEBUG] cheese - null
[2020-02-25T03:13:56.478] [DEBUG] cheese - null
[2020-02-25T03:13:56.480] [DEBUG] cheese - null
[2020-02-25T03:13:59.727] [DEBUG] cheese - null
[2020-02-25T03:13:59.729] [DEBUG] cheese - null
[2020-02-25T03:14:04.221] [DEBUG] cheese - null
[2020-02-25T03:14:04.224] [DEBUG] cheese - null
[2020-02-25T03:14:04.272] [DEBUG] cheese - null
[2020-02-25T03:14:04.273] [DEBUG] cheese - null
[2020-02-25T03:14:12.593] [DEBUG] cheese - login => username:goods,password:123456
[2020-02-25T03:14:12.593] [DEBUG] cheese - goods
[2020-02-25T03:14:12.596] [DEBUG] cheese - null
[2020-02-25T03:14:12.596] [DEBUG] cheese - null
[2020-02-25T03:14:15.186] [DEBUG] cheese - null
[2020-02-25T03:14:15.188] [DEBUG] cheese - null
[2020-02-25T03:14:16.064] [DEBUG] cheese - null
[2020-02-25T03:14:16.065] [DEBUG] cheese - null
[2020-02-25T03:14:17.239] [DEBUG] cheese - null
[2020-02-25T03:14:17.241] [DEBUG] cheese - null
[2020-02-25T03:14:23.251] [DEBUG] cheese - login => username:admin,password:123456
[2020-02-25T03:14:23.251] [DEBUG] cheese - admin
[2020-02-25T03:14:23.253] [DEBUG] cheese - null
[2020-02-25T03:14:23.253] [DEBUG] cheese - null
[2020-02-25T03:16:13.919] [DEBUG] cheese - login => username:goods,password:123456
[2020-02-25T03:16:13.919] [DEBUG] cheese - goods
[2020-02-25T03:16:13.920] [DEBUG] cheese - null
[2020-02-25T03:16:13.921] [DEBUG] cheese - null
[2020-02-25T03:16:17.235] [DEBUG] cheese - null
[2020-02-25T03:16:17.236] [DEBUG] cheese - null
[2020-02-25T03:16:20.234] [DEBUG] cheese - null
[2020-02-25T03:16:20.239] [DEBUG] cheese - null
[2020-02-25T03:16:21.420] [DEBUG] cheese - null
[2020-02-25T03:16:21.427] [DEBUG] cheese - null
[2020-02-25T03:16:28.501] [DEBUG] cheese - login => username:admin,password:123456
[2020-02-25T03:16:28.502] [DEBUG] cheese - admin
[2020-02-25T03:16:28.513] [DEBUG] cheese - null
[2020-02-25T03:16:28.513] [DEBUG] cheese - null
[2020-02-25T03:23:35.712] [DEBUG] cheese - login => username:admin,password:123456
[2020-02-25T03:23:35.712] [DEBUG] cheese - admin
[2020-02-25T03:23:35.715] [DEBUG] cheese - null
[2020-02-25T03:23:35.715] [DEBUG] cheese - null
[2020-02-25T03:25:38.822] [DEBUG] cheese - null
[2020-02-25T03:26:05.449] [DEBUG] cheese - login => username:linken,password:123456
[2020-02-25T03:26:05.450] [DEBUG] cheese - linken
[2020-02-25T03:26:05.451] [DEBUG] cheese - null
[2020-02-25T03:26:05.451] [DEBUG] cheese - null
[2020-02-25T03:26:07.914] [DEBUG] cheese - null
[2020-02-25T03:26:12.458] [DEBUG] cheese - null
[2020-02-25T03:26:18.375] [DEBUG] cheese - null
[2020-02-25T03:26:18.377] [DEBUG] cheese - null
[2020-02-25T03:26:21.334] [DEBUG] cheese - null
[2020-02-25T03:26:21.335] [DEBUG] cheese - null
[2020-02-25T03:26:22.151] [DEBUG] cheese - null
[2020-02-25T03:26:22.153] [DEBUG] cheese - null
[2020-02-25T03:26:22.799] [DEBUG] cheese - null
[2020-02-25T03:26:22.801] [DEBUG] cheese - null
[2020-02-25T03:26:25.970] [DEBUG] cheese - login => username:admin,password:123456
[2020-02-25T03:26:25.970] [DEBUG] cheese - admin
[2020-02-25T03:26:25.972] [DEBUG] cheese - null
[2020-02-25T03:26:25.972] [DEBUG] cheese - null
[2020-02-25T03:44:58.658] [DEBUG] cheese - login => username:admin,password:123456
[2020-02-25T03:44:58.658] [DEBUG] cheese - admin
[2020-02-25T03:44:58.660] [DEBUG] cheese - null
[2020-02-25T03:44:58.660] [DEBUG] cheese - null
[2020-02-25T09:35:09.360] [DEBUG] cheese - login => username:admin,password:123456
[2020-02-25T09:35:09.360] [DEBUG] cheese - admin
[2020-02-25T09:35:09.361] [DEBUG] cheese - null
[2020-02-25T09:35:09.361] [DEBUG] cheese - null
[2020-02-25T09:35:20.332] [DEBUG] cheese - login => username:goods,password:123456
[2020-02-25T09:35:20.333] [DEBUG] cheese - goods
[2020-02-25T09:35:20.335] [DEBUG] cheese - null
[2020-02-25T09:35:20.335] [DEBUG] cheese - null
[2020-02-25T09:35:22.817] [DEBUG] cheese - null
[2020-02-25T09:35:22.819] [DEBUG] cheese - null
[2020-02-25T09:35:23.402] [DEBUG] cheese - null
[2020-02-25T09:35:23.404] [DEBUG] cheese - null
[2020-02-25T09:35:31.430] [DEBUG] cheese - login => username:author,password:123456
[2020-02-25T09:35:31.430] [DEBUG] cheese - author
[2020-02-25T09:35:31.432] [DEBUG] cheese - null
[2020-02-25T09:35:31.432] [DEBUG] cheese - null
[2020-02-25T09:35:33.625] [DEBUG] cheese - null
[2020-02-25T09:35:33.626] [DEBUG] cheese - null
[2020-02-25T09:35:34.109] [DEBUG] cheese - null
[2020-02-25T09:35:34.110] [DEBUG] cheese - null
[2020-02-25T09:36:07.230] [DEBUG] cheese - login => username:admin,password:123456
[2020-02-25T09:36:07.230] [DEBUG] cheese - admin
[2020-02-25T09:36:07.233] [DEBUG] cheese - null
[2020-02-25T09:36:07.233] [DEBUG] cheese - null
[2020-02-25T09:36:57.448] [DEBUG] cheese - login => username:test,password:123456
[2020-02-25T09:36:57.448] [DEBUG] cheese - test
[2020-02-25T09:36:57.450] [DEBUG] cheese - null
[2020-02-25T09:36:57.451] [DEBUG] cheese - null
[2020-02-25T09:36:59.390] [DEBUG] cheese - login => username:admin,password:123456
[2020-02-25T09:36:59.390] [DEBUG] cheese - admin
[2020-02-25T09:36:59.392] [DEBUG] cheese - null
[2020-02-25T09:36:59.392] [DEBUG] cheese - null
[2020-02-25T09:37:20.461] [DEBUG] cheese - login => username:test,password:123456
[2020-02-25T09:37:20.461] [DEBUG] cheese - test
[2020-02-25T09:37:20.463] [DEBUG] cheese - null
[2020-02-25T09:37:20.463] [DEBUG] cheese - null
[2020-02-25T09:37:22.733] [DEBUG] cheese - null
[2020-02-25T09:37:22.734] [DEBUG] cheese - null
[2020-02-25T09:37:26.423] [DEBUG] cheese - login => username:admin,password:123456
[2020-02-25T09:37:26.424] [DEBUG] cheese - admin
[2020-02-25T09:37:26.425] [DEBUG] cheese - null
[2020-02-25T09:37:26.425] [DEBUG] cheese - null
[2020-02-25T09:37:34.639] [DEBUG] cheese - null
[2020-02-25T09:37:38.764] [DEBUG] cheese - null
[2020-02-25T09:37:44.419] [DEBUG] cheese - login => username:test,password:123456
[2020-02-25T09:37:44.419] [DEBUG] cheese - test
[2020-02-25T09:37:44.422] [DEBUG] cheese - null
[2020-02-25T09:37:44.422] [DEBUG] cheese - null
[2020-02-25T09:52:10.526] [DEBUG] cheese - null
[2020-02-25T09:52:10.528] [DEBUG] cheese - null
[2020-02-25T09:52:11.905] [DEBUG] cheese - null
[2020-02-25T09:52:11.906] [DEBUG] cheese - null
[2020-02-25T09:52:13.187] [DEBUG] cheese - null
[2020-02-25T09:52:13.189] [DEBUG] cheese - null
[2020-02-25T09:52:15.056] [DEBUG] cheese - null
[2020-02-25T09:52:15.057] [DEBUG] cheese - null
[2020-02-25T09:52:25.023] [DEBUG] cheese - null
[2020-02-25T09:52:25.024] [DEBUG] cheese - null
[2020-02-25T09:52:26.311] [DEBUG] cheese - null
[2020-02-25T09:52:26.312] [DEBUG] cheese - null
[2020-03-08T23:33:06.424] [DEBUG] cheese - login => username:admin,password:123456
[2020-03-08T23:33:06.428] [DEBUG] cheese - admin
[2020-03-08T23:33:06.483] [DEBUG] cheese - null
[2020-03-08T23:33:06.484] [DEBUG] cheese - null
[2020-03-08T23:33:18.033] [DEBUG] cheese - login => username:admin,password:123456
[2020-03-08T23:33:18.033] [DEBUG] cheese - admin
[2020-03-08T23:33:18.039] [DEBUG] cheese - null
[2020-03-08T23:33:18.039] [DEBUG] cheese - null
[2020-05-10T14:25:31.868] [DEBUG] cheese - login => username:admin,password:123456
[2020-05-10T14:25:31.870] [DEBUG] cheese - admin
[2020-05-10T14:25:31.873] [DEBUG] cheese - null
[2020-05-10T14:25:31.874] [DEBUG] cheese - null
[2020-05-10T15:07:35.379] [DEBUG] cheese - login => username:admin,password:123456
[2020-05-10T15:07:35.380] [DEBUG] cheese - admin
[2020-05-10T15:07:35.383] [DEBUG] cheese - null
[2020-05-10T15:07:35.384] [DEBUG] cheese - null
[2020-05-10T19:03:52.723] [DEBUG] cheese - null
[2020-05-10T20:19:05.862] [DEBUG] cheese - null
[2020-05-10T20:19:08.042] [DEBUG] cheese - null
[2020-05-10T20:19:14.916] [DEBUG] cheese - null
[2020-05-10T20:20:50.707] [DEBUG] cheese - null
[2020-05-10T20:34:35.234] [DEBUG] cheese - null
[2020-05-10T21:08:59.662] [DEBUG] cheese - null
[2020-05-10T21:09:16.626] [DEBUG] cheese - null
[2020-05-10T21:15:11.631] [DEBUG] cheese - login => username:admin,password:123456
[2020-05-10T21:15:11.631] [DEBUG] cheese - admin
[2020-05-10T21:15:11.642] [DEBUG] cheese - null
[2020-05-10T21:15:11.642] [DEBUG] cheese - null
[2020-05-10T21:15:41.909] [DEBUG] cheese - null
[2020-05-10T21:18:11.022] [DEBUG] cheese - null
[2020-05-10T21:20:39.783] [DEBUG] cheese - null
[2020-05-10T21:20:45.997] [DEBUG] cheese - null
[2020-05-10T21:20:50.276] [DEBUG] cheese - null
[2020-05-10T21:21:09.950] [DEBUG] cheese - null
[2020-05-10T21:21:39.098] [DEBUG] cheese - null
[2020-05-10T21:21:57.069] [DEBUG] cheese - null
[2020-05-10T21:22:59.172] [DEBUG] cheese - null
[2020-05-10T21:23:19.060] [DEBUG] cheese - null
[2020-05-10T21:23:22.356] [DEBUG] cheese - null
[2020-05-10T21:24:14.849] [DEBUG] cheese - null
[2020-05-11T18:50:51.339] [DEBUG] cheese - login => username:admin,password:123456
[2020-05-11T18:50:51.341] [DEBUG] cheese - admin
[2020-05-11T18:50:51.399] [DEBUG] cheese - null
[2020-05-11T18:50:51.399] [DEBUG] cheese - null
[2020-05-11T19:11:07.509] [DEBUG] cheese - login => username:admin,password:123456
[2020-05-11T19:11:07.509] [DEBUG] cheese - admin
[2020-05-11T19:11:07.512] [DEBUG] cheese - null
[2020-05-11T19:11:07.513] [DEBUG] cheese - null
[2020-05-11T19:14:58.951] [DEBUG] cheese - login => username:admin,password:123456
[2020-05-11T19:14:58.951] [DEBUG] cheese - admin
[2020-05-11T19:14:58.955] [DEBUG] cheese - null
[2020-05-11T19:14:58.955] [DEBUG] cheese - null
[2020-05-11T19:15:12.212] [DEBUG] cheese - login => username:admin,password:123456
[2020-05-11T19:15:12.212] [DEBUG] cheese - admin
[2020-05-11T19:15:12.214] [DEBUG] cheese - null
[2020-05-11T19:15:12.214] [DEBUG] cheese - null
[2020-05-11T19:17:08.497] [DEBUG] cheese - null
[2020-09-21T23:41:57.594] [DEBUG] cheese - login => username:lisa,password:123456
[2020-09-21T23:41:57.595] [DEBUG] cheese - lisa
[2020-09-21T23:41:57.607] [DEBUG] cheese - { inspect: [Function: inspect] }
[2020-09-21T23:41:57.609] [DEBUG] cheese - 查询失败
[2020-09-21T23:42:31.526] [DEBUG] cheese - login => username:admin,password:123456
[2020-09-21T23:42:31.527] [DEBUG] cheese - admin
[2020-09-21T23:42:31.529] [DEBUG] cheese - { inspect: [Function: inspect] }
[2020-09-21T23:42:31.529] [DEBUG] cheese - 查询失败
[2020-09-23T16:47:17.980] [DEBUG] cheese - login => username:admin,password:123456
[2020-09-23T16:47:17.981] [DEBUG] cheese - admin
[2020-09-23T16:47:17.997] [DEBUG] cheese - null
[2020-09-23T16:47:17.997] [DEBUG] cheese - null
[2020-09-23T16:47:58.783] [DEBUG] cheese - login => username:admin,password:123456
[2020-09-23T16:47:58.783] [DEBUG] cheese - admin
[2020-09-23T16:47:58.785] [DEBUG] cheese - null
[2020-09-23T16:47:58.785] [DEBUG] cheese - null
[2020-09-23T16:48:21.739] [DEBUG] cheese - login => username:admin,password:123456
[2020-09-23T16:48:21.739] [DEBUG] cheese - admin
[2020-09-23T16:48:21.742] [DEBUG] cheese - null
[2020-09-23T16:48:21.742] [DEBUG] cheese - null
[2020-09-23T16:48:32.062] [DEBUG] cheese - login => username:admin,password:123456
[2020-09-23T16:48:32.062] [DEBUG] cheese - admin
[2020-09-23T16:48:34.065] [DEBUG] cheese - { inspect: [Function: inspect] }
[2020-09-23T16:48:34.067] [DEBUG] cheese - 查询失败
[2020-09-23T16:55:37.723] [DEBUG] cheese - login => username:admin,password:123456
[2020-09-23T16:55:37.723] [DEBUG] cheese - admin
[2020-09-23T16:55:37.735] [DEBUG] cheese - null
[2020-09-23T16:55:37.735] [DEBUG] cheese - null
[2020-09-23T16:55:40.399] [DEBUG] cheese - login => username:admin,password:1234561
[2020-09-23T16:55:40.399] [DEBUG] cheese - admin
[2020-09-23T16:55:40.400] [DEBUG] cheese - null
[2020-09-23T16:55:40.400] [DEBUG] cheese - null
[2020-09-23T17:12:52.443] [DEBUG] cheese - login => username:admin,password:123456
[2020-09-23T17:12:52.443] [DEBUG] cheese - admin
[2020-09-23T17:12:52.446] [DEBUG] cheese - null
[2020-09-23T17:12:52.446] [DEBUG] cheese - null
[2020-09-23T17:13:17.819] [DEBUG] cheese - login => username:admin,password:123456
[2020-09-23T17:13:17.819] [DEBUG] cheese - admin
[2020-09-23T17:13:17.821] [DEBUG] cheese - null
[2020-09-23T17:13:17.821] [DEBUG] cheese - null
[2020-09-23T17:13:22.823] [DEBUG] cheese - login => username:admin,password:1234562
[2020-09-23T17:13:22.823] [DEBUG] cheese - admin
[2020-09-23T17:13:22.825] [DEBUG] cheese - null
[2020-09-23T17:13:22.825] [DEBUG] cheese - null
[2020-09-23T17:20:27.346] [DEBUG] cheese - login => username:admin,password:123456
[2020-09-23T17:20:27.346] [DEBUG] cheese - admin
[2020-09-23T17:20:27.347] [DEBUG] cheese - null
[2020-09-23T17:20:27.348] [DEBUG] cheese - null
[2020-09-23T17:35:25.652] [DEBUG] cheese - login => username:admin,password:123456
[2020-09-23T17:35:25.653] [DEBUG] cheese - admin
[2020-09-23T17:35:25.655] [DEBUG] cheese - null
[2020-09-23T17:35:25.655] [DEBUG] cheese - null
[2020-09-23T17:48:04.406] [DEBUG] cheese - login => username:admin,password:123456
[2020-09-23T17:48:04.406] [DEBUG] cheese - admin
[2020-09-23T17:48:04.407] [DEBUG] cheese - null
[2020-09-23T17:48:04.408] [DEBUG] cheese - null
[2020-09-24T09:44:56.557] [DEBUG] cheese - login => username:admin,password:123456
[2020-09-24T09:44:56.557] [DEBUG] cheese - admin
[2020-09-24T09:44:56.589] [DEBUG] cheese - null
[2020-09-24T09:44:56.589] [DEBUG] cheese - null
[2020-09-24T09:45:17.688] [DEBUG] cheese - login => username:admin,password:123456
[2020-09-24T09:45:17.688] [DEBUG] cheese - admin
[2020-09-24T09:45:17.698] [DEBUG] cheese - null
[2020-09-24T09:45:17.698] [DEBUG] cheese - null
[2020-09-24T10:37:36.206] [DEBUG] cheese - login => username:admin,password:123456
[2020-09-24T10:37:36.206] [DEBUG] cheese - admin
[2020-09-24T10:37:36.214] [DEBUG] cheese - null
[2020-09-24T10:37:36.214] [DEBUG] cheese - null
[2020-09-24T16:25:47.768] [DEBUG] cheese - login => username:admin,password:123456
[2020-09-24T16:25:47.768] [DEBUG] cheese - admin
[2020-09-24T16:25:47.772] [DEBUG] cheese - null
[2020-09-24T16:25:47.772] [DEBUG] cheese - null
[2020-09-24T16:27:57.355] [DEBUG] cheese - login => username:admin,password:123456
[2020-09-24T16:27:57.355] [DEBUG] cheese - admin
[2020-09-24T16:27:57.359] [DEBUG] cheese - null
[2020-09-24T16:27:57.359] [DEBUG] cheese - null
[2020-09-24T16:29:17.873] [DEBUG] cheese - login => username:admin,password:123456
[2020-09-24T16:29:17.873] [DEBUG] cheese - admin
[2020-09-24T16:29:17.877] [DEBUG] cheese - null
[2020-09-24T16:29:17.877] [DEBUG] cheese - null
[2020-09-24T16:30:42.810] [DEBUG] cheese - login => username:admin,password:123456
[2020-09-24T16:30:42.810] [DEBUG] cheese - admin
[2020-09-24T16:30:42.814] [DEBUG] cheese - null
[2020-09-24T16:30:42.814] [DEBUG] cheese - null
[2020-09-24T16:31:49.019] [DEBUG] cheese - login => username:admin,password:123456
[2020-09-24T16:31:49.019] [DEBUG] cheese - admin
[2020-09-24T16:31:49.023] [DEBUG] cheese - null
[2020-09-24T16:31:49.023] [DEBUG] cheese - null
[2020-09-24T19:26:22.617] [DEBUG] cheese - login => username:admin,password:123456
[2020-09-24T19:26:22.621] [DEBUG] cheese - admin
[2020-09-24T19:26:22.652] [DEBUG] cheese - null
[2020-09-24T19:26:22.652] [DEBUG] cheese - null
[2020-09-24T20:32:45.172] [DEBUG] cheese - login => username:admin,password:123456
[2020-09-24T20:32:45.172] [DEBUG] cheese - admin
[2020-09-24T20:32:45.180] [DEBUG] cheese - null
[2020-09-24T20:32:45.180] [DEBUG] cheese - null
[2020-09-24T20:34:35.960] [DEBUG] cheese - login => username:admin,password:123456
[2020-09-24T20:34:35.960] [DEBUG] cheese - admin
[2020-09-24T20:34:35.965] [DEBUG] cheese - null
[2020-09-24T20:34:35.965] [DEBUG] cheese - null
[2020-09-25T10:07:18.302] [DEBUG] cheese - login => username:admin,password:123456
[2020-09-25T10:07:18.303] [DEBUG] cheese - admin
[2020-09-25T10:07:18.332] [DEBUG] cheese - null
[2020-09-25T10:07:18.333] [DEBUG] cheese - null
[2020-09-25T10:11:22.892] [DEBUG] cheese - login => username:admin,password:123456
[2020-09-25T10:11:22.892] [DEBUG] cheese - admin
[2020-09-25T10:11:22.894] [DEBUG] cheese - null
[2020-09-25T10:11:22.894] [DEBUG] cheese - null
[2020-09-25T10:13:28.854] [DEBUG] cheese - login => username:admin,password:123456
[2020-09-25T10:13:28.854] [DEBUG] cheese - admin
[2020-09-25T10:13:28.857] [DEBUG] cheese - null
[2020-09-25T10:13:28.857] [DEBUG] cheese - null
[2020-09-25T10:22:47.629] [DEBUG] cheese - login => username:admin,password:123456
[2020-09-25T10:22:47.629] [DEBUG] cheese - admin
[2020-09-25T10:22:47.631] [DEBUG] cheese - null
[2020-09-25T10:22:47.631] [DEBUG] cheese - null
[2020-09-25T10:33:50.874] [DEBUG] cheese - login => username:admin,password:123456
[2020-09-25T10:33:50.874] [DEBUG] cheese - admin
[2020-09-25T10:33:50.877] [DEBUG] cheese - null
[2020-09-25T10:33:50.877] [DEBUG] cheese - null
[2020-09-25T10:34:43.443] [DEBUG] cheese - login => username:admin,password:123456
[2020-09-25T10:34:43.443] [DEBUG] cheese - admin
[2020-09-25T10:34:43.445] [DEBUG] cheese - null
[2020-09-25T10:34:43.446] [DEBUG] cheese - null
[2020-09-25T10:37:56.740] [DEBUG] cheese - login => username:admin,password:123456
[2020-09-25T10:37:56.740] [DEBUG] cheese - admin
[2020-09-25T10:37:56.742] [DEBUG] cheese - null
[2020-09-25T10:37:56.743] [DEBUG] cheese - null
[2020-09-25T10:38:12.252] [DEBUG] cheese - login => username:admin,password:123456
[2020-09-25T10:38:12.252] [DEBUG] cheese - admin
[2020-09-25T10:38:12.254] [DEBUG] cheese - null
[2020-09-25T10:38:12.254] [DEBUG] cheese - null
[2020-09-25T11:01:24.582] [DEBUG] cheese - login => username:admin,password:123456
[2020-09-25T11:01:24.582] [DEBUG] cheese - admin
[2020-09-25T11:01:24.584] [DEBUG] cheese - null
[2020-09-25T11:01:24.584] [DEBUG] cheese - null
[2020-09-25T11:02:53.910] [DEBUG] cheese - login => username:admin,password:123456
[2020-09-25T11:02:53.910] [DEBUG] cheese - admin
[2020-09-25T11:02:53.912] [DEBUG] cheese - null
[2020-09-25T11:02:53.912] [DEBUG] cheese - null
[2020-09-25T11:06:10.079] [DEBUG] cheese - login => username:admin,password:123456
[2020-09-25T11:06:10.079] [DEBUG] cheese - admin
[2020-09-25T11:06:10.082] [DEBUG] cheese - null
[2020-09-25T11:06:10.082] [DEBUG] cheese - null
[2020-09-25T11:14:20.773] [DEBUG] cheese - login => username:admin,password:123456
[2020-09-25T11:14:20.773] [DEBUG] cheese - admin
[2020-09-25T11:14:20.776] [DEBUG] cheese - null
[2020-09-25T11:14:20.776] [DEBUG] cheese - null
[2020-09-26T09:49:46.665] [DEBUG] cheese - login => username:admin,password:123456
[2020-09-26T09:49:46.669] [DEBUG] cheese - admin
[2020-09-26T09:49:46.699] [DEBUG] cheese - null
[2020-09-26T09:49:46.704] [DEBUG] cheese - null
[2020-09-26T10:16:46.180] [DEBUG] cheese - login => username:admin,password:123456
[2020-09-26T10:16:46.180] [DEBUG] cheese - admin
[2020-09-26T10:16:46.184] [DEBUG] cheese - null
[2020-09-26T10:16:46.184] [DEBUG] cheese - null
[2020-09-26T10:30:49.961] [DEBUG] cheese - login => username:admin,password:123456
[2020-09-26T10:30:49.961] [DEBUG] cheese - admin
[2020-09-26T10:30:49.977] [DEBUG] cheese - null
[2020-09-26T10:30:49.977] [DEBUG] cheese - null
[2020-09-26T15:44:00.127] [DEBUG] cheese - login => username:admin,password:123456
[2020-09-26T15:44:00.127] [DEBUG] cheese - admin
[2020-09-26T15:44:00.132] [DEBUG] cheese - null
[2020-09-26T15:44:00.132] [DEBUG] cheese - null
[2020-09-26T15:44:37.456] [DEBUG] cheese - login => username:admin,password:123456
[2020-09-26T15:44:37.456] [DEBUG] cheese - admin
[2020-09-26T15:44:37.459] [DEBUG] cheese - null
[2020-09-26T15:44:37.459] [DEBUG] cheese - null
[2020-09-26T18:57:42.119] [DEBUG] cheese - login => username:admin,password:123456
[2020-09-26T18:57:42.119] [DEBUG] cheese - admin
[2020-09-26T18:57:42.124] [DEBUG] cheese - null
[2020-09-26T18:57:42.124] [DEBUG] cheese - null
[2020-09-27T15:37:18.298] [DEBUG] cheese - login => username:admin,password:123456
[2020-09-27T15:37:18.299] [DEBUG] cheese - admin
[2020-09-27T15:37:18.319] [DEBUG] cheese - null
[2020-09-27T15:37:18.319] [DEBUG] cheese - null
[2020-09-27T15:48:39.879] [DEBUG] cheese - login => username:zjb,password:123456
[2020-09-27T15:48:39.879] [DEBUG] cheese - zjb
[2020-09-27T15:48:39.880] [DEBUG] cheese - null
[2020-09-27T15:48:39.881] [DEBUG] cheese - null
[2020-09-27T15:48:45.477] [DEBUG] cheese - login => username:zjb,password:123456
[2020-09-27T15:48:45.478] [DEBUG] cheese - zjb
[2020-09-27T15:48:45.480] [DEBUG] cheese - null
[2020-09-27T15:48:45.480] [DEBUG] cheese - null
[2020-09-27T15:48:56.477] [DEBUG] cheese - login => username:admin,password:123456
[2020-09-27T15:48:56.477] [DEBUG] cheese - admin
[2020-09-27T15:48:56.479] [DEBUG] cheese - null
[2020-09-27T15:48:56.479] [DEBUG] cheese - null
[2020-09-28T09:52:13.902] [DEBUG] cheese - login => username:admin,password:123456
[2020-09-28T09:52:13.905] [DEBUG] cheese - admin
[2020-09-28T09:52:13.940] [DEBUG] cheese - null
[2020-09-28T09:52:13.941] [DEBUG] cheese - null
[2020-09-29T15:05:57.263] [DEBUG] cheese - login => username:admin,password:123456
[2020-09-29T15:05:57.265] [DEBUG] cheese - admin
[2020-09-29T15:05:57.293] [DEBUG] cheese - null
[2020-09-29T15:05:57.294] [DEBUG] cheese - null
[2020-09-29T15:36:01.300] [DEBUG] cheese - login => username:admin,password:123456
[2020-09-29T15:36:01.300] [DEBUG] cheese - admin
[2020-09-29T15:36:01.305] [DEBUG] cheese - null
[2020-09-29T15:36:01.305] [DEBUG] cheese - null
[2020-09-29T20:39:09.318] [DEBUG] cheese - null
[2020-09-29T20:43:12.816] [DEBUG] cheese - null
[2020-09-29T20:43:39.620] [DEBUG] cheese - null
[2020-09-29T20:50:41.798] [DEBUG] cheese - null
[2020-09-29T20:53:17.762] [DEBUG] cheese - null
[2020-09-29T20:55:20.574] [DEBUG] cheese - null
[2020-09-29T20:55:29.652] [DEBUG] cheese - null
[2020-09-29T20:55:31.680] [DEBUG] cheese - null
[2020-10-01T09:56:32.633] [DEBUG] cheese - login => username:admin,password:123456
[2020-10-01T09:56:32.633] [DEBUG] cheese - admin
[2020-10-01T09:56:32.665] [DEBUG] cheese - null
[2020-10-01T09:56:32.665] [DEBUG] cheese - null
[2020-10-01T13:54:47.357] [DEBUG] cheese - null
[2020-10-01T13:59:11.251] [DEBUG] cheese - null
[2020-10-01T14:04:05.426] [DEBUG] cheese - null
[2020-10-01T14:09:36.733] [DEBUG] cheese - null
[2020-10-01T14:11:23.115] [DEBUG] cheese - null
[2020-10-01T14:13:52.988] [DEBUG] cheese - null
[2020-10-01T14:18:37.844] [DEBUG] cheese - null
[2020-10-01T14:25:38.211] [DEBUG] cheese - null
[2020-10-01T14:25:49.316] [DEBUG] cheese - null
[2020-10-01T14:25:52.225] [DEBUG] cheese - null
[2020-10-01T14:25:57.259] [DEBUG] cheese - null
[2020-10-01T14:26:53.117] [DEBUG] cheese - null
[2020-10-01T14:28:44.091] [DEBUG] cheese - null
[2020-10-01T14:28:46.857] [DEBUG] cheese - null
[2020-10-01T14:29:41.062] [DEBUG] cheese - null
[2020-10-01T14:30:40.647] [DEBUG] cheese - null
[2020-10-01T14:31:11.180] [DEBUG] cheese - null
[2020-10-01T14:58:42.152] [DEBUG] cheese - null
[2020-10-01T15:09:45.910] [DEBUG] cheese - null
[2020-10-01T15:11:14.367] [DEBUG] cheese - null
[2020-10-01T15:17:41.567] [DEBUG] cheese - null
[2020-10-01T15:19:27.928] [DEBUG] cheese - null
[2020-10-01T15:20:38.584] [DEBUG] cheese - null
[2020-10-01T15:47:38.673] [DEBUG] cheese - null
[2020-10-01T15:50:52.663] [DEBUG] cheese - null
[2020-10-01T15:51:15.774] [DEBUG] cheese - null
[2020-10-01T15:55:49.952] [DEBUG] cheese - null
[2020-10-01T16:50:25.624] [DEBUG] cheese - null
[2020-10-01T17:06:02.346] [DEBUG] cheese - null
[2020-10-01T17:07:42.708] [DEBUG] cheese - null
[2020-10-01T17:07:50.133] [DEBUG] cheese - null
[2020-10-01T17:08:00.378] [DEBUG] cheese - null
[2020-10-01T17:08:21.545] [DEBUG] cheese - null
[2020-10-01T17:09:47.507] [DEBUG] cheese - null
[2020-10-01T17:11:50.443] [DEBUG] cheese - null
[2020-10-01T17:11:56.381] [DEBUG] cheese - null
[2020-10-01T17:29:38.771] [DEBUG] cheese - null
[2020-10-01T17:30:30.155] [DEBUG] cheese - null
[2020-10-01T17:31:10.414] [DEBUG] cheese - null
[2020-10-01T17:48:09.751] [DEBUG] cheese - null
[2020-10-01T17:49:05.038] [DEBUG] cheese - null
[2020-10-01T17:49:35.974] [DEBUG] cheese - null
[2020-10-01T17:52:31.372] [DEBUG] cheese - null
[2020-10-01T17:53:33.957] [DEBUG] cheese - null
[2020-10-01T17:53:36.802] [DEBUG] cheese - null
[2020-10-01T17:53:46.315] [DEBUG] cheese - null
[2020-10-02T10:52:54.732] [DEBUG] cheese - login => username:admin,password:123456
[2020-10-02T10:52:54.735] [DEBUG] cheese - admin
[2020-10-02T10:52:54.775] [DEBUG] cheese - null
[2020-10-02T10:52:54.775] [DEBUG] cheese - null
[2020-10-02T10:53:53.411] [DEBUG] cheese - login => username:admin,password:123456
[2020-10-02T10:53:53.412] [DEBUG] cheese - admin
[2020-10-02T10:53:53.416] [DEBUG] cheese - null
[2020-10-02T10:53:53.416] [DEBUG] cheese - null
[2020-10-02T10:57:02.646] [DEBUG] cheese - login => username:admin,password:123456
[2020-10-02T10:57:02.648] [DEBUG] cheese - admin
[2020-10-02T10:57:02.672] [DEBUG] cheese - null
[2020-10-02T10:57:02.673] [DEBUG] cheese - null
[2020-10-02T11:06:31.329] [DEBUG] cheese - login => username:admin,password:123456
[2020-10-02T11:06:31.329] [DEBUG] cheese - admin
[2020-10-02T11:06:31.332] [DEBUG] cheese - null
[2020-10-02T11:06:31.332] [DEBUG] cheese - null
[2020-10-02T11:06:46.197] [DEBUG] cheese - null
[2020-10-02T23:24:09.583] [DEBUG] cheese - login => username:admin,password:123456
[2020-10-02T23:24:09.584] [DEBUG] cheese - admin
[2020-10-02T23:24:09.586] [DEBUG] cheese - null
[2020-10-02T23:24:09.586] [DEBUG] cheese - null
[2020-10-02T23:26:45.313] [DEBUG] cheese - login => username:admin,password:123456
[2020-10-02T23:26:45.313] [DEBUG] cheese - admin
[2020-10-02T23:26:45.317] [DEBUG] cheese - null
[2020-10-02T23:26:45.317] [DEBUG] cheese - null
[2020-10-02T23:27:27.253] [DEBUG] cheese - login => username:admin,password:123456
[2020-10-02T23:27:27.253] [DEBUG] cheese - admin
[2020-10-02T23:27:27.256] [DEBUG] cheese - null
[2020-10-02T23:27:27.256] [DEBUG] cheese - null
[2020-10-03T10:47:35.988] [DEBUG] cheese - login => username:admin,password:123456
[2020-10-03T10:47:35.991] [DEBUG] cheese - admin
[2020-10-03T10:47:36.029] [DEBUG] cheese - null
[2020-10-03T10:47:36.030] [DEBUG] cheese - null
[2020-10-09T08:47:40.890] [DEBUG] cheese - login => username:admin,password:123456
[2020-10-09T08:47:40.891] [DEBUG] cheese - admin
[2020-10-09T08:47:40.907] [DEBUG] cheese - null
[2020-10-09T08:47:40.908] [DEBUG] cheese - null
[2020-10-11T19:16:17.847] [DEBUG] cheese - login => username:admin,password:123456
[2020-10-11T19:16:17.849] [DEBUG] cheese - admin
[2020-10-11T19:16:17.864] [DEBUG] cheese - null
[2020-10-11T19:16:17.865] [DEBUG] cheese - null
[2020-10-12T09:26:27.662] [DEBUG] cheese - login => username:admin,password:123456
[2020-10-12T09:26:27.662] [DEBUG] cheese - admin
[2020-10-12T09:26:27.684] [DEBUG] cheese - null
[2020-10-12T09:26:27.684] [DEBUG] cheese - null
[2020-10-13T15:05:15.983] [DEBUG] cheese - login => username:admin,password:123456
[2020-10-13T15:05:15.985] [DEBUG] cheese - admin
[2020-10-13T15:05:15.999] [DEBUG] cheese - null
[2020-10-13T15:05:15.999] [DEBUG] cheese - null
[2020-10-13T17:23:25.398] [DEBUG] cheese - null
[2020-10-13T17:26:23.370] [DEBUG] cheese - null
[2020-10-13T17:26:27.999] [DEBUG] cheese - null
[2020-10-13T17:26:37.265] [DEBUG] cheese - null
[2020-10-13T17:27:30.758] [DEBUG] cheese - null
[2020-10-13T17:27:57.923] [DEBUG] cheese - null
[2020-10-13T17:28:37.122] [DEBUG] cheese - null
[2020-10-13T17:29:48.602] [DEBUG] cheese - null
[2020-10-13T17:30:12.345] [DEBUG] cheese - null
[2020-10-13T17:31:06.953] [DEBUG] cheese - null
[2020-10-13T17:31:23.061] [DEBUG] cheese - null
[2020-10-13T17:33:00.028] [DEBUG] cheese - null
[2020-10-13T17:33:21.141] [DEBUG] cheese - null
[2020-10-13T17:34:53.726] [DEBUG] cheese - null
[2020-10-14T19:12:22.684] [DEBUG] cheese - login => username:admin,password:123456
[2020-10-14T19:12:22.688] [DEBUG] cheese - admin
[2020-10-14T19:12:22.737] [DEBUG] cheese - null
[2020-10-14T19:12:22.737] [DEBUG] cheese - null
[2020-10-15T15:00:27.028] [DEBUG] cheese - login => username:admin,password:123456
[2020-10-15T15:00:27.029] [DEBUG] cheese - admin
[2020-10-15T15:00:27.045] [DEBUG] cheese - null
[2020-10-15T15:00:27.046] [DEBUG] cheese - null
[2020-10-16T10:01:01.385] [DEBUG] cheese - login => username:admin,password:123456
[2020-10-16T10:01:01.385] [DEBUG] cheese - admin
[2020-10-16T10:01:01.391] [DEBUG] cheese - null
[2020-10-16T10:01:01.391] [DEBUG] cheese - null
[2020-10-16T16:54:13.672] [DEBUG] cheese - login => username:admin,password:123456
[2020-10-16T16:54:13.672] [DEBUG] cheese - admin
[2020-10-16T16:54:13.675] [DEBUG] cheese - null
[2020-10-16T16:54:13.675] [DEBUG] cheese - null
[2020-10-17T09:49:22.263] [DEBUG] cheese - login => username:admin,password:123456
[2020-10-17T09:49:22.264] [DEBUG] cheese - admin
[2020-10-17T09:49:22.274] [DEBUG] cheese - null
[2020-10-17T09:49:22.274] [DEBUG] cheese - null
[2020-10-19T16:03:31.594] [DEBUG] cheese - login => username:admin,password:123456
[2020-10-19T16:03:31.622] [DEBUG] cheese - admin
[2020-10-19T16:03:31.642] [DEBUG] cheese - null
[2020-10-19T16:03:31.642] [DEBUG] cheese - null
[2020-10-19T18:49:27.939] [DEBUG] cheese - login => username:admin,password:123456
[2020-10-19T18:49:27.939] [DEBUG] cheese - admin
[2020-10-19T18:49:27.944] [DEBUG] cheese - null
[2020-10-19T18:49:27.944] [DEBUG] cheese - null
[2020-10-20T17:08:38.483] [DEBUG] cheese - login => username:admin,password:123456
[2020-10-20T17:08:38.483] [DEBUG] cheese - admin
[2020-10-20T17:08:38.494] [DEBUG] cheese - null
[2020-10-20T17:08:38.494] [DEBUG] cheese - null
[2020-10-21T15:36:44.676] [DEBUG] cheese - login => username:admin,password:123456
[2020-10-21T15:36:44.678] [DEBUG] cheese - admin
[2020-10-21T15:36:44.694] [DEBUG] cheese - null
[2020-10-21T15:36:44.695] [DEBUG] cheese - null
[2020-10-21T19:21:21.712] [DEBUG] cheese - login => username:admin,password:123456
[2020-10-21T19:21:21.714] [DEBUG] cheese - admin
[2020-10-21T19:21:21.720] [DEBUG] cheese - null
[2020-10-21T19:21:21.721] [DEBUG] cheese - null
[2020-10-22T19:46:23.035] [DEBUG] cheese - login => username:admin,password:123456
[2020-10-22T19:46:23.039] [DEBUG] cheese - admin
[2020-10-22T19:46:23.075] [DEBUG] cheese - null
[2020-10-22T19:46:23.075] [DEBUG] cheese - null
[2020-10-23T09:25:58.639] [DEBUG] cheese - login => username:admin,password:123456
[2020-10-23T09:25:58.640] [DEBUG] cheese - admin
[2020-10-23T09:25:58.654] [DEBUG] cheese - null
[2020-10-23T09:25:58.654] [DEBUG] cheese - null
[2020-10-23T09:45:06.649] [DEBUG] cheese - login => username:admin,password:123456
[2020-10-23T09:45:06.650] [DEBUG] cheese - admin
[2020-10-23T09:45:06.659] [DEBUG] cheese - null
[2020-10-23T09:45:06.660] [DEBUG] cheese - null
